[11-Jul-2023 03:43:19 UTC] PHP Fatal error:  Uncaught TypeError: call_user_func_array(): Argument #1 ($callback) must be a valid callback, function "wpt_enqueue" not found or invalid function name in /home/sumeetdubey/Local Sites/wp-task1/app/public/wp-includes/class-wp-hook.php:308
Stack trace:
#0 /home/sumeetdubey/Local Sites/wp-task1/app/public/wp-includes/class-wp-hook.php(332): WP_Hook->apply_filters(NULL, Array)
#1 /home/sumeetdubey/Local Sites/wp-task1/app/public/wp-includes/plugin.php(517): WP_Hook->do_action(Array)
#2 /home/sumeetdubey/Local Sites/wp-task1/app/public/wp-includes/script-loader.php(2194): do_action('wp_enqueue_scri...')
#3 /home/sumeetdubey/Local Sites/wp-task1/app/public/wp-includes/class-wp-hook.php(308): wp_enqueue_scripts('')
#4 /home/sumeetdubey/Local Sites/wp-task1/app/public/wp-includes/class-wp-hook.php(332): WP_Hook->apply_filters(NULL, Array)
#5 /home/sumeetdubey/Local Sites/wp-task1/app/public/wp-includes/plugin.php(517): WP_Hook->do_action(Array)
#6 /home/sumeetdubey/Local Sites/wp-task1/app/public/wp-includes/general-template.php(3049): do_action('wp_head')
#7 /home/sumeetdubey/Local Sites/wp-task1/app/public/wp-includes/template-canvas.php(17): wp_head()
#8 /home/sumeetdubey/Local Sites/wp-task1/app/public/wp-includes/template-loader.php(106): include('/home/sumeetdub...')
#9 /home/sumeetdubey/Local Sites/wp-task1/app/public/wp-blog-header.php(19): require_once('/home/sumeetdub...')
#10 /home/sumeetdubey/Local Sites/wp-task1/app/public/index.php(17): require('/home/sumeetdub...')
#11 {main}
  thrown in /home/sumeetdubey/Local Sites/wp-task1/app/public/wp-includes/class-wp-hook.php on line 308
[12-Jul-2023 03:59:03 UTC] PHP Fatal error:  Uncaught Error: Call to undefined function wpt_custom_inline_styles() in /home/sumeetdubey/Local Sites/wp-task1/app/public/wp-content/themes/wp-task1/includes/enqueue.php:13
Stack trace:
#0 /home/sumeetdubey/Local Sites/wp-task1/app/public/wp-includes/class-wp-hook.php(308): wpt_enqueue('')
#1 /home/sumeetdubey/Local Sites/wp-task1/app/public/wp-includes/class-wp-hook.php(332): WP_Hook->apply_filters(NULL, Array)
#2 /home/sumeetdubey/Local Sites/wp-task1/app/public/wp-includes/plugin.php(517): WP_Hook->do_action(Array)
#3 /home/sumeetdubey/Local Sites/wp-task1/app/public/wp-includes/script-loader.php(2194): do_action('wp_enqueue_scri...')
#4 /home/sumeetdubey/Local Sites/wp-task1/app/public/wp-includes/class-wp-hook.php(308): wp_enqueue_scripts('')
#5 /home/sumeetdubey/Local Sites/wp-task1/app/public/wp-includes/class-wp-hook.php(332): WP_Hook->apply_filters(NULL, Array)
#6 /home/sumeetdubey/Local Sites/wp-task1/app/public/wp-includes/plugin.php(517): WP_Hook->do_action(Array)
#7 /home/sumeetdubey/Local Sites/wp-task1/app/public/wp-includes/general-template.php(3049): do_action('wp_head')
#8 /home/sumeetdubey/Local Sites/wp-task1/app/public/wp-includes/template-canvas.php(17): wp_head()
#9 /home/sumeetdubey/Local Sites/wp-task1/app/public/wp-includes/template-loader.php(106): include('/home/sumeetdub...')
#10 /home/sumeetdubey/Local Sites/wp-task1/app/public/wp-blog-header.php(19): require_once('/home/sumeetdub...')
#11 /home/sumeetdubey/Local Sites/wp-task1/app/public/index.php(17): require('/home/sumeetdub...')
#12 {main}
  thrown in /home/sumeetdubey/Local Sites/wp-task1/app/public/wp-content/themes/wp-task1/includes/enqueue.php on line 13
[12-Jul-2023 03:59:35 UTC] PHP Fatal error:  Uncaught Error: Call to undefined function wpt_custom_inline_styles() in /home/sumeetdubey/Local Sites/wp-task1/app/public/wp-content/themes/wp-task1/includes/enqueue.php:13
Stack trace:
#0 /home/sumeetdubey/Local Sites/wp-task1/app/public/wp-includes/class-wp-hook.php(308): wpt_enqueue('')
#1 /home/sumeetdubey/Local Sites/wp-task1/app/public/wp-includes/class-wp-hook.php(332): WP_Hook->apply_filters(NULL, Array)
#2 /home/sumeetdubey/Local Sites/wp-task1/app/public/wp-includes/plugin.php(517): WP_Hook->do_action(Array)
#3 /home/sumeetdubey/Local Sites/wp-task1/app/public/wp-includes/script-loader.php(2194): do_action('wp_enqueue_scri...')
#4 /home/sumeetdubey/Local Sites/wp-task1/app/public/wp-includes/class-wp-hook.php(308): wp_enqueue_scripts('')
#5 /home/sumeetdubey/Local Sites/wp-task1/app/public/wp-includes/class-wp-hook.php(332): WP_Hook->apply_filters(NULL, Array)
#6 /home/sumeetdubey/Local Sites/wp-task1/app/public/wp-includes/plugin.php(517): WP_Hook->do_action(Array)
#7 /home/sumeetdubey/Local Sites/wp-task1/app/public/wp-includes/general-template.php(3049): do_action('wp_head')
#8 /home/sumeetdubey/Local Sites/wp-task1/app/public/wp-includes/template-canvas.php(17): wp_head()
#9 /home/sumeetdubey/Local Sites/wp-task1/app/public/wp-includes/template-loader.php(106): include('/home/sumeetdub...')
#10 /home/sumeetdubey/Local Sites/wp-task1/app/public/wp-blog-header.php(19): require_once('/home/sumeetdub...')
#11 /home/sumeetdubey/Local Sites/wp-task1/app/public/index.php(17): require('/home/sumeetdub...')
#12 {main}
  thrown in /home/sumeetdubey/Local Sites/wp-task1/app/public/wp-content/themes/wp-task1/includes/enqueue.php on line 13
[12-Jul-2023 03:59:37 UTC] PHP Fatal error:  Uncaught Error: Call to undefined function wpt_custom_inline_styles() in /home/sumeetdubey/Local Sites/wp-task1/app/public/wp-content/themes/wp-task1/includes/enqueue.php:13
Stack trace:
#0 /home/sumeetdubey/Local Sites/wp-task1/app/public/wp-includes/class-wp-hook.php(308): wpt_enqueue('')
#1 /home/sumeetdubey/Local Sites/wp-task1/app/public/wp-includes/class-wp-hook.php(332): WP_Hook->apply_filters(NULL, Array)
#2 /home/sumeetdubey/Local Sites/wp-task1/app/public/wp-includes/plugin.php(517): WP_Hook->do_action(Array)
#3 /home/sumeetdubey/Local Sites/wp-task1/app/public/wp-includes/script-loader.php(2194): do_action('wp_enqueue_scri...')
#4 /home/sumeetdubey/Local Sites/wp-task1/app/public/wp-includes/class-wp-hook.php(308): wp_enqueue_scripts('')
#5 /home/sumeetdubey/Local Sites/wp-task1/app/public/wp-includes/class-wp-hook.php(332): WP_Hook->apply_filters(NULL, Array)
#6 /home/sumeetdubey/Local Sites/wp-task1/app/public/wp-includes/plugin.php(517): WP_Hook->do_action(Array)
#7 /home/sumeetdubey/Local Sites/wp-task1/app/public/wp-includes/general-template.php(3049): do_action('wp_head')
#8 /home/sumeetdubey/Local Sites/wp-task1/app/public/wp-includes/template-canvas.php(17): wp_head()
#9 /home/sumeetdubey/Local Sites/wp-task1/app/public/wp-includes/template-loader.php(106): include('/home/sumeetdub...')
#10 /home/sumeetdubey/Local Sites/wp-task1/app/public/wp-blog-header.php(19): require_once('/home/sumeetdub...')
#11 /home/sumeetdubey/Local Sites/wp-task1/app/public/index.php(17): require('/home/sumeetdub...')
#12 {main}
  thrown in /home/sumeetdubey/Local Sites/wp-task1/app/public/wp-content/themes/wp-task1/includes/enqueue.php on line 13
[12-Jul-2023 09:50:40 UTC] PHP Warning:  Attempt to read property "area" on null in /home/sumeetdubey/Local Sites/wp-task1/app/public/wp-includes/rest-api/endpoints/class-wp-rest-templates-controller.php on line 586
[12-Jul-2023 09:50:45 UTC] PHP Warning:  Attempt to read property "area" on null in /home/sumeetdubey/Local Sites/wp-task1/app/public/wp-includes/rest-api/endpoints/class-wp-rest-templates-controller.php on line 586
[12-Jul-2023 09:50:46 UTC] PHP Warning:  Undefined array key "" in /home/sumeetdubey/Local Sites/wp-task1/app/public/wp-includes/blocks/template-part.php on line 238
[12-Jul-2023 19:01:01 UTC] PHP Warning:  include(/home/sumeetdubey/Local Sites/wp-task1/app/public/wp-content/themes/twentytwentythree/includes/front/enqueue.php): Failed to open stream: No such file or directory in /home/sumeetdubey/Local Sites/wp-task1/app/public/wp-content/themes/twentytwentythreechild/functions.php on line 8
[12-Jul-2023 19:01:02 UTC] PHP Warning:  include(): Failed opening '/home/sumeetdubey/Local Sites/wp-task1/app/public/wp-content/themes/twentytwentythree/includes/front/enqueue.php' for inclusion (include_path='.:/usr/share/php:/www/wp-content/pear') in /home/sumeetdubey/Local Sites/wp-task1/app/public/wp-content/themes/twentytwentythreechild/functions.php on line 8
[12-Jul-2023 19:01:02 UTC] PHP Warning:  include(/home/sumeetdubey/Local Sites/wp-task1/app/public/wp-content/themes/twentytwentythree/includes/front/head.php): Failed to open stream: No such file or directory in /home/sumeetdubey/Local Sites/wp-task1/app/public/wp-content/themes/twentytwentythreechild/functions.php on line 9
[12-Jul-2023 19:01:02 UTC] PHP Warning:  include(): Failed opening '/home/sumeetdubey/Local Sites/wp-task1/app/public/wp-content/themes/twentytwentythree/includes/front/head.php' for inclusion (include_path='.:/usr/share/php:/www/wp-content/pear') in /home/sumeetdubey/Local Sites/wp-task1/app/public/wp-content/themes/twentytwentythreechild/functions.php on line 9
[12-Jul-2023 19:01:02 UTC] PHP Fatal error:  Uncaught TypeError: call_user_func_array(): Argument #1 ($callback) must be a valid callback, function "u_enqueue" not found or invalid function name in /home/sumeetdubey/Local Sites/wp-task1/app/public/wp-includes/class-wp-hook.php:308
Stack trace:
#0 /home/sumeetdubey/Local Sites/wp-task1/app/public/wp-includes/class-wp-hook.php(332): WP_Hook->apply_filters(NULL, Array)
#1 /home/sumeetdubey/Local Sites/wp-task1/app/public/wp-includes/plugin.php(517): WP_Hook->do_action(Array)
#2 /home/sumeetdubey/Local Sites/wp-task1/app/public/wp-includes/script-loader.php(2194): do_action('wp_enqueue_scri...')
#3 /home/sumeetdubey/Local Sites/wp-task1/app/public/wp-includes/class-wp-hook.php(308): wp_enqueue_scripts('')
#4 /home/sumeetdubey/Local Sites/wp-task1/app/public/wp-includes/class-wp-hook.php(332): WP_Hook->apply_filters(NULL, Array)
#5 /home/sumeetdubey/Local Sites/wp-task1/app/public/wp-includes/plugin.php(517): WP_Hook->do_action(Array)
#6 /home/sumeetdubey/Local Sites/wp-task1/app/public/wp-includes/general-template.php(3049): do_action('wp_head')
#7 /home/sumeetdubey/Local Sites/wp-task1/app/public/wp-includes/template-canvas.php(17): wp_head()
#8 /home/sumeetdubey/Local Sites/wp-task1/app/public/wp-includes/template-loader.php(106): include('/home/sumeetdub...')
#9 /home/sumeetdubey/Local Sites/wp-task1/app/public/wp-blog-header.php(19): require_once('/home/sumeetdub...')
#10 /home/sumeetdubey/Local Sites/wp-task1/app/public/index.php(17): require('/home/sumeetdub...')
#11 {main}
  thrown in /home/sumeetdubey/Local Sites/wp-task1/app/public/wp-includes/class-wp-hook.php on line 308
[12-Jul-2023 19:01:02 UTC] PHP Warning:  include(/home/sumeetdubey/Local Sites/wp-task1/app/public/wp-content/themes/twentytwentythree/includes/front/enqueue.php): Failed to open stream: No such file or directory in /home/sumeetdubey/Local Sites/wp-task1/app/public/wp-content/themes/twentytwentythreechild/functions.php on line 8
[12-Jul-2023 19:01:02 UTC] PHP Warning:  include(): Failed opening '/home/sumeetdubey/Local Sites/wp-task1/app/public/wp-content/themes/twentytwentythree/includes/front/enqueue.php' for inclusion (include_path='.:/usr/share/php:/www/wp-content/pear') in /home/sumeetdubey/Local Sites/wp-task1/app/public/wp-content/themes/twentytwentythreechild/functions.php on line 8
[12-Jul-2023 19:01:02 UTC] PHP Warning:  include(/home/sumeetdubey/Local Sites/wp-task1/app/public/wp-content/themes/twentytwentythree/includes/front/head.php): Failed to open stream: No such file or directory in /home/sumeetdubey/Local Sites/wp-task1/app/public/wp-content/themes/twentytwentythreechild/functions.php on line 9
[12-Jul-2023 19:01:02 UTC] PHP Warning:  include(): Failed opening '/home/sumeetdubey/Local Sites/wp-task1/app/public/wp-content/themes/twentytwentythree/includes/front/head.php' for inclusion (include_path='.:/usr/share/php:/www/wp-content/pear') in /home/sumeetdubey/Local Sites/wp-task1/app/public/wp-content/themes/twentytwentythreechild/functions.php on line 9
[13-Jul-2023 00:58:57 UTC] PHP Warning:  An unexpected error occurred. Something may be wrong with WordPress.org or this server&#8217;s configuration. If you continue to have problems, please try the <a href="https://wordpress.org/support/forums/">support forums</a>. (WordPress could not establish a secure connection to WordPress.org. Please contact your server administrator.) in /home/sumeetdubey/Local Sites/wp-task1/app/public/wp-includes/update.php on line 209
[13-Jul-2023 00:59:00 UTC] PHP Warning:  An unexpected error occurred. Something may be wrong with WordPress.org or this server&#8217;s configuration. If you continue to have problems, please try the <a href="https://wordpress.org/support/forums/">support forums</a>. (WordPress could not establish a secure connection to WordPress.org. Please contact your server administrator.) in /home/sumeetdubey/Local Sites/wp-task1/app/public/wp-includes/update.php on line 447
[13-Jul-2023 00:59:01 UTC] PHP Warning:  An unexpected error occurred. Something may be wrong with WordPress.org or this server&#8217;s configuration. If you continue to have problems, please try the <a href="https://wordpress.org/support/forums/">support forums</a>. (WordPress could not establish a secure connection to WordPress.org. Please contact your server administrator.) in /home/sumeetdubey/Local Sites/wp-task1/app/public/wp-includes/update.php on line 728
[13-Jul-2023 04:13:45 UTC] PHP Warning:  Undefined array key "width" in /home/sumeetdubey/Local Sites/wp-task1/app/public/wp-admin/includes/image.php on line 108
[13-Jul-2023 04:13:45 UTC] PHP Warning:  Undefined array key "height" in /home/sumeetdubey/Local Sites/wp-task1/app/public/wp-admin/includes/image.php on line 109
[13-Jul-2023 04:14:29 UTC] PHP Warning:  Undefined array key "width" in /home/sumeetdubey/Local Sites/wp-task1/app/public/wp-admin/includes/image.php on line 108
[13-Jul-2023 04:14:29 UTC] PHP Warning:  Undefined array key "height" in /home/sumeetdubey/Local Sites/wp-task1/app/public/wp-admin/includes/image.php on line 109
[13-Jul-2023 05:36:20 UTC] PHP Warning:  Undefined array key "width" in /home/sumeetdubey/Local Sites/wp-task1/app/public/wp-admin/includes/image.php on line 108
[13-Jul-2023 05:36:20 UTC] PHP Warning:  Undefined array key "height" in /home/sumeetdubey/Local Sites/wp-task1/app/public/wp-admin/includes/image.php on line 109
[13-Jul-2023 08:00:22 UTC] PHP Warning:  Undefined array key "width" in /home/sumeetdubey/Local Sites/wp-task1/app/public/wp-admin/includes/image.php on line 108
[13-Jul-2023 08:00:22 UTC] PHP Warning:  Undefined array key "height" in /home/sumeetdubey/Local Sites/wp-task1/app/public/wp-admin/includes/image.php on line 109
[13-Jul-2023 08:17:21 UTC] PHP Warning:  Undefined array key "width" in /home/sumeetdubey/Local Sites/wp-task1/app/public/wp-admin/includes/image.php on line 108
[13-Jul-2023 08:17:21 UTC] PHP Warning:  Undefined array key "height" in /home/sumeetdubey/Local Sites/wp-task1/app/public/wp-admin/includes/image.php on line 109
[13-Jul-2023 08:19:00 UTC] PHP Warning:  Undefined array key "width" in /home/sumeetdubey/Local Sites/wp-task1/app/public/wp-admin/includes/image.php on line 108
[13-Jul-2023 08:19:00 UTC] PHP Warning:  Undefined array key "height" in /home/sumeetdubey/Local Sites/wp-task1/app/public/wp-admin/includes/image.php on line 109
[13-Jul-2023 08:30:26 UTC] PHP Warning:  Undefined array key "width" in /home/sumeetdubey/Local Sites/wp-task1/app/public/wp-admin/includes/image.php on line 108
[13-Jul-2023 08:30:26 UTC] PHP Warning:  Undefined array key "height" in /home/sumeetdubey/Local Sites/wp-task1/app/public/wp-admin/includes/image.php on line 109
[13-Jul-2023 08:31:26 UTC] PHP Warning:  Undefined array key "width" in /home/sumeetdubey/Local Sites/wp-task1/app/public/wp-admin/includes/image.php on line 108
[13-Jul-2023 08:31:26 UTC] PHP Warning:  Undefined array key "height" in /home/sumeetdubey/Local Sites/wp-task1/app/public/wp-admin/includes/image.php on line 109
