[10-Jul-2023 14:37:37] NOTICE: fpm is running, pid 8733
[10-Jul-2023 14:37:37] NOTICE: ready to handle connections
[10-Jul-2023 15:58:06] NOTICE: Terminating ...
[10-Jul-2023 15:58:06] NOTICE: Terminating ...
[10-Jul-2023 15:58:06] NOTICE: exiting, bye-bye!
[10-Jul-2023 16:31:49] NOTICE: fpm is running, pid 11670
[10-Jul-2023 16:31:49] NOTICE: ready to handle connections
[10-Jul-2023 16:48:03] NOTICE: Terminating ...
[10-Jul-2023 16:48:03] NOTICE: Terminating ...
[10-Jul-2023 16:48:03] NOTICE: exiting, bye-bye!
[10-Jul-2023 16:48:18] NOTICE: fpm is running, pid 12343
[10-Jul-2023 16:48:18] NOTICE: ready to handle connections
[10-Jul-2023 17:13:37] NOTICE: Terminating ...
[10-Jul-2023 17:13:37] NOTICE: Terminating ...
[10-Jul-2023 17:13:37] NOTICE: exiting, bye-bye!
[11-Jul-2023 06:18:52] NOTICE: fpm is running, pid 3924
[11-Jul-2023 06:18:52] NOTICE: ready to handle connections
[11-Jul-2023 06:21:28] NOTICE: Terminating ...
[11-Jul-2023 06:21:28] NOTICE: Terminating ...
[11-Jul-2023 06:21:28] NOTICE: exiting, bye-bye!
[11-Jul-2023 06:21:37] NOTICE: fpm is running, pid 4642
[11-Jul-2023 06:21:37] NOTICE: ready to handle connections
[11-Jul-2023 06:23:35] NOTICE: Terminating ...
[11-Jul-2023 06:23:35] NOTICE: Terminating ...
[11-Jul-2023 06:23:35] NOTICE: exiting, bye-bye!
[11-Jul-2023 06:23:38] NOTICE: fpm is running, pid 4783
[11-Jul-2023 06:23:38] NOTICE: ready to handle connections
[11-Jul-2023 14:31:19] ERROR: unable to bind listening socket for address '/home/sumeetdubey/.config/Local/run/bkMGS2XqX/php/php-fpm.socket': Address already in use (98)
[11-Jul-2023 14:31:19] ERROR: FPM initialization failed
[11-Jul-2023 14:31:19] NOTICE: fpm is running, pid 5193
[11-Jul-2023 14:31:19] NOTICE: ready to handle connections
[11-Jul-2023 14:31:39] ERROR: Another FPM instance seems to already listen on /home/sumeetdubey/.config/Local/run/bkMGS2XqX/php/php-fpm.socket
[11-Jul-2023 14:31:39] ERROR: FPM initialization failed
[11-Jul-2023 14:31:40] ERROR: Another FPM instance seems to already listen on /home/sumeetdubey/.config/Local/run/bkMGS2XqX/php/php-fpm.socket
[11-Jul-2023 14:31:40] ERROR: FPM initialization failed
[11-Jul-2023 14:31:41] ERROR: Another FPM instance seems to already listen on /home/sumeetdubey/.config/Local/run/bkMGS2XqX/php/php-fpm.socket
[11-Jul-2023 14:31:41] ERROR: FPM initialization failed
[11-Jul-2023 14:31:44] NOTICE: Terminating ...
[11-Jul-2023 14:31:44] NOTICE: Terminating ...
[11-Jul-2023 14:31:44] NOTICE: exiting, bye-bye!
[11-Jul-2023 14:31:59] NOTICE: fpm is running, pid 5327
[11-Jul-2023 14:31:59] NOTICE: ready to handle connections
[11-Jul-2023 18:46:34] NOTICE: Terminating ...
[11-Jul-2023 18:46:34] NOTICE: exiting, bye-bye!
[12-Jul-2023 08:31:48] NOTICE: fpm is running, pid 3799
[12-Jul-2023 08:31:48] NOTICE: ready to handle connections
[12-Jul-2023 08:32:12] NOTICE: Terminating ...
[12-Jul-2023 08:32:12] NOTICE: Terminating ...
[12-Jul-2023 08:32:12] NOTICE: exiting, bye-bye!
[12-Jul-2023 08:32:15] NOTICE: fpm is running, pid 3897
[12-Jul-2023 08:32:15] NOTICE: ready to handle connections
[13-Jul-2023 01:23:21] NOTICE: Terminating ...
[13-Jul-2023 01:23:21] NOTICE: Terminating ...
[13-Jul-2023 01:23:21] NOTICE: exiting, bye-bye!
[13-Jul-2023 01:24:58] NOTICE: fpm is running, pid 21797
[13-Jul-2023 01:24:58] NOTICE: ready to handle connections
[13-Jul-2023 01:27:19] NOTICE: Terminating ...
[13-Jul-2023 01:27:19] NOTICE: Terminating ...
[13-Jul-2023 01:27:19] NOTICE: exiting, bye-bye!
[13-Jul-2023 06:28:12] NOTICE: fpm is running, pid 3268
[13-Jul-2023 06:28:12] NOTICE: ready to handle connections
[13-Jul-2023 06:28:31] NOTICE: Terminating ...
[13-Jul-2023 06:28:31] NOTICE: Terminating ...
[13-Jul-2023 06:28:31] NOTICE: exiting, bye-bye!
[13-Jul-2023 06:28:34] NOTICE: fpm is running, pid 3420
[13-Jul-2023 06:28:34] NOTICE: ready to handle connections
[13-Jul-2023 06:31:24] NOTICE: Terminating ...
[13-Jul-2023 06:31:24] NOTICE: Terminating ...
[13-Jul-2023 06:31:24] NOTICE: exiting, bye-bye!
[13-Jul-2023 06:31:28] NOTICE: fpm is running, pid 3757
[13-Jul-2023 06:31:28] NOTICE: ready to handle connections
